[0.357s] DEBUG:colcon:Command line arguments: ['/usr/bin/colcon', 'build', '--symlink']
[0.357s] DEBUG:colcon:Parsed command line arguments: Namespace(log_base=None, log_level=None, verb_name='build', build_base='build', install_base='install', merge_install=False, symlink_install=True, test_result_base=None, continue_on_error=False, executor='parallel', parallel_workers=8, event_handlers=None, ignore_user_meta=False, metas=['./colcon.meta'], base_paths=['.'], packages_ignore=None, packages_ignore_regex=None, paths=None, packages_up_to=None, packages_up_to_regex=None, packages_above=None, packages_above_and_dependencies=None, packages_above_depth=None, packages_select_by_dep=None, packages_skip_by_dep=None, packages_skip_up_to=None, packages_select_build_failed=False, packages_skip_build_finished=False, packages_select_test_failures=False, packages_skip_test_passed=False, packages_select=None, packages_skip=None, packages_select_regex=None, packages_skip_regex=None, packages_start=None, packages_end=None, allow_overriding=[], cmake_args=None, cmake_target=None, cmake_target_skip_unavailable=False, cmake_clean_cache=False, cmake_clean_first=False, cmake_force_configure=False, ament_cmake_args=None, catkin_cmake_args=None, catkin_skip_building_tests=False, mixin_files=None, mixin=None, verb_parser=<colcon_mixin.mixin.mixin_argument.MixinArgumentDecorator object at 0x7df7bf298ac0>, verb_extension=<colcon_core.verb.build.BuildVerb object at 0x7df7bf2985b0>, main=<bound method BuildVerb.main of <colcon_core.verb.build.BuildVerb object at 0x7df7bf2985b0>>, mixin_verb=('build',))
[6.511s] Level 1:colcon.colcon_core.package_discovery:discover_packages(colcon_meta) check parameters
[6.511s] Level 1:colcon.colcon_core.package_discovery:discover_packages(recursive) check parameters
[6.511s] Level 1:colcon.colcon_core.package_discovery:discover_packages(ignore) check parameters
[6.511s] Level 1:colcon.colcon_core.package_discovery:discover_packages(path) check parameters
[6.511s] Level 1:colcon.colcon_core.package_discovery:discover_packages(colcon_meta) discover
[6.511s] Level 1:colcon.colcon_core.package_discovery:discover_packages(recursive) discover
[6.511s] INFO:colcon.colcon_core.package_discovery:Crawling recursively for packages in '/home/tony/robot401'
[6.512s] Level 1:colcon.colcon_core.package_identification:_identify(.) by extensions ['ignore', 'ignore_ament_install']
[6.512s] Level 1:colcon.colcon_core.package_identification:_identify(.) by extension 'ignore'
[6.512s] Level 1:colcon.colcon_core.package_identification:_identify(.) by extension 'ignore_ament_install'
[6.512s] Level 1:colcon.colcon_core.package_identification:_identify(.) by extensions ['colcon_pkg']
[6.512s] Level 1:colcon.colcon_core.package_identification:_identify(.) by extension 'colcon_pkg'
[6.512s] Level 1:colcon.colcon_core.package_identification:_identify(.) by extensions ['colcon_meta']
[6.512s] Level 1:colcon.colcon_core.package_identification:_identify(.) by extension 'colcon_meta'
[6.512s] Level 1:colcon.colcon_core.package_identification:_identify(.) by extensions ['ros']
[6.512s] Level 1:colcon.colcon_core.package_identification:_identify(.) by extension 'ros'
[6.532s] Level 1:colcon.colcon_core.package_identification:_identify(.) by extensions ['cmake', 'python']
[6.532s] Level 1:colcon.colcon_core.package_identification:_identify(.) by extension 'cmake'
[6.532s] Level 1:colcon.colcon_core.package_identification:_identify(.) by extension 'python'
[6.532s] Level 1:colcon.colcon_core.package_identification:_identify(.) by extensions ['python_setup_py']
[6.532s] Level 1:colcon.colcon_core.package_identification:_identify(.) by extension 'python_setup_py'
[6.532s] Level 1:colcon.colcon_core.package_identification:_identify(build) by extensions ['ignore', 'ignore_ament_install']
[6.532s] Level 1:colcon.colcon_core.package_identification:_identify(build) by extension 'ignore'
[6.532s] Level 1:colcon.colcon_core.package_identification:_identify(build) ignored
[6.532s] Level 1:colcon.colcon_core.package_identification:_identify(install) by extensions ['ignore', 'ignore_ament_install']
[6.533s] Level 1:colcon.colcon_core.package_identification:_identify(install) by extension 'ignore'
[6.533s] Level 1:colcon.colcon_core.package_identification:_identify(install) ignored
[6.533s] Level 1:colcon.colcon_core.package_identification:_identify(log) by extensions ['ignore', 'ignore_ament_install']
[6.533s] Level 1:colcon.colcon_core.package_identification:_identify(log) by extension 'ignore'
[6.533s] Level 1:colcon.colcon_core.package_identification:_identify(log) ignored
[6.533s] Level 1:colcon.colcon_core.package_identification:_identify(robot401_pkg) by extensions ['ignore', 'ignore_ament_install']
[6.533s] Level 1:colcon.colcon_core.package_identification:_identify(robot401_pkg) by extension 'ignore'
[6.533s] Level 1:colcon.colcon_core.package_identification:_identify(robot401_pkg) by extension 'ignore_ament_install'
[6.533s] Level 1:colcon.colcon_core.package_identification:_identify(robot401_pkg) by extensions ['colcon_pkg']
[6.533s] Level 1:colcon.colcon_core.package_identification:_identify(robot401_pkg) by extension 'colcon_pkg'
[6.533s] Level 1:colcon.colcon_core.package_identification:_identify(robot401_pkg) by extensions ['colcon_meta']
[6.533s] Level 1:colcon.colcon_core.package_identification:_identify(robot401_pkg) by extension 'colcon_meta'
[6.533s] Level 1:colcon.colcon_core.package_identification:_identify(robot401_pkg) by extensions ['ros']
[6.533s] Level 1:colcon.colcon_core.package_identification:_identify(robot401_pkg) by extension 'ros'
[6.545s] DEBUG:colcon.colcon_core.package_identification:Package 'robot401_pkg' with type 'ros.ament_python' and name 'robot401_pkg'
[6.546s] Level 1:colcon.colcon_core.package_discovery:discover_packages(recursive) using defaults
[6.546s] Level 1:colcon.colcon_core.package_discovery:discover_packages(ignore) discover
[6.546s] Level 1:colcon.colcon_core.package_discovery:discover_packages(ignore) using defaults
[6.546s] Level 1:colcon.colcon_core.package_discovery:discover_packages(path) discover
[6.546s] Level 1:colcon.colcon_core.package_discovery:discover_packages(path) using defaults
[6.850s] Level 1:colcon.colcon_core.package_discovery:discover_packages(prefix_path) check parameters
[6.850s] Level 1:colcon.colcon_core.package_discovery:discover_packages(prefix_path) discover
[6.900s] DEBUG:colcon.colcon_installed_package_information.package_discovery:Found 347 installed packages in /home/tony/ros2_humble/install
[6.902s] Level 1:colcon.colcon_core.package_discovery:discover_packages(prefix_path) using defaults
[14.281s] Level 5:colcon.colcon_core.verb:set package 'robot401_pkg' build argument 'cmake_args' from command line to 'None'
[14.281s] Level 5:colcon.colcon_core.verb:set package 'robot401_pkg' build argument 'cmake_target' from command line to 'None'
[14.281s] Level 5:colcon.colcon_core.verb:set package 'robot401_pkg' build argument 'cmake_target_skip_unavailable' from command line to 'False'
[14.282s] Level 5:colcon.colcon_core.verb:set package 'robot401_pkg' build argument 'cmake_clean_cache' from command line to 'False'
[14.282s] Level 5:colcon.colcon_core.verb:set package 'robot401_pkg' build argument 'cmake_clean_first' from command line to 'False'
[14.282s] Level 5:colcon.colcon_core.verb:set package 'robot401_pkg' build argument 'cmake_force_configure' from command line to 'False'
[14.282s] Level 5:colcon.colcon_core.verb:set package 'robot401_pkg' build argument 'ament_cmake_args' from command line to 'None'
[14.282s] Level 5:colcon.colcon_core.verb:set package 'robot401_pkg' build argument 'catkin_cmake_args' from command line to 'None'
[14.282s] Level 5:colcon.colcon_core.verb:set package 'robot401_pkg' build argument 'catkin_skip_building_tests' from command line to 'False'
[14.282s] DEBUG:colcon.colcon_core.verb:Building package 'robot401_pkg' with the following arguments: {'ament_cmake_args': None, 'build_base': '/home/tony/robot401/build/robot401_pkg', 'catkin_cmake_args': None, 'catkin_skip_building_tests': False, 'cmake_args': None, 'cmake_clean_cache': False, 'cmake_clean_first': False, 'cmake_force_configure': False, 'cmake_target': None, 'cmake_target_skip_unavailable': False, 'install_base': '/home/tony/robot401/install/robot401_pkg', 'merge_install': False, 'path': '/home/tony/robot401/robot401_pkg', 'symlink_install': True, 'test_result_base': None}
[14.282s] INFO:colcon.colcon_core.executor:Executing jobs using 'parallel' executor
[14.283s] DEBUG:colcon.colcon_parallel_executor.executor.parallel:run_until_complete
[14.283s] INFO:colcon.colcon_ros.task.ament_python.build:Building ROS package in '/home/tony/robot401/robot401_pkg' with build type 'ament_python'
[14.283s] Level 1:colcon.colcon_core.shell:create_environment_hook('robot401_pkg', 'ament_prefix_path')
[14.371s] INFO:colcon.colcon_core.plugin_system:Skipping extension 'colcon_core.shell.bat': Not used on non-Windows systems
[14.371s] INFO:colcon.colcon_core.shell:Creating environment hook '/home/tony/robot401/install/robot401_pkg/share/robot401_pkg/hook/ament_prefix_path.ps1'
[14.384s] INFO:colcon.colcon_core.shell:Creating environment descriptor '/home/tony/robot401/install/robot401_pkg/share/robot401_pkg/hook/ament_prefix_path.dsv'
[14.400s] INFO:colcon.colcon_core.shell:Creating environment hook '/home/tony/robot401/install/robot401_pkg/share/robot401_pkg/hook/ament_prefix_path.sh'
[14.401s] INFO:colcon.colcon_core.shell:Skip shell extension 'powershell' for command environment: Not usable outside of PowerShell
[14.401s] DEBUG:colcon.colcon_core.shell:Skip shell extension 'dsv' for command environment
[14.891s] INFO:colcon.colcon_core.task.python.build:Building Python package in '/home/tony/robot401/robot401_pkg'
[14.891s] INFO:colcon.colcon_core.shell:Skip shell extension 'powershell' for command environment: Not usable outside of PowerShell
[14.891s] DEBUG:colcon.colcon_core.shell:Skip shell extension 'dsv' for command environment
[16.030s] DEBUG:colcon.colcon_core.event_handler.log_command:Invoking command in '/home/tony/robot401/build/robot401_pkg': PYTHONPATH=/home/tony/robot401/build/robot401_pkg/prefix_override:/usr/lib/python3/dist-packages/colcon_core/task/python/colcon_distutils_commands:/home/tony/robot401/install/robot401_pkg/lib/python3.10/site-packages:${PYTHONPATH} /usr/bin/python3 -W ignore:setup.py install is deprecated -W ignore:easy_install command is deprecated setup.py develop --editable --build-directory /home/tony/robot401/build/robot401_pkg/build --no-deps symlink_data
[17.392s] Level 1:colcon.colcon_core.shell:create_environment_hook('robot401_pkg', 'pythonpath_develop')
[17.393s] INFO:colcon.colcon_core.shell:Creating environment hook '/home/tony/robot401/build/robot401_pkg/share/robot401_pkg/hook/pythonpath_develop.ps1'
[17.393s] DEBUG:colcon.colcon_core.event_handler.log_command:Invoked command in '/home/tony/robot401/build/robot401_pkg' returned '0': PYTHONPATH=/home/tony/robot401/build/robot401_pkg/prefix_override:/usr/lib/python3/dist-packages/colcon_core/task/python/colcon_distutils_commands:/home/tony/robot401/install/robot401_pkg/lib/python3.10/site-packages:${PYTHONPATH} /usr/bin/python3 -W ignore:setup.py install is deprecated -W ignore:easy_install command is deprecated setup.py develop --editable --build-directory /home/tony/robot401/build/robot401_pkg/build --no-deps symlink_data
[17.394s] INFO:colcon.colcon_core.shell:Creating environment descriptor '/home/tony/robot401/build/robot401_pkg/share/robot401_pkg/hook/pythonpath_develop.dsv'
[17.394s] INFO:colcon.colcon_core.shell:Creating environment hook '/home/tony/robot401/build/robot401_pkg/share/robot401_pkg/hook/pythonpath_develop.sh'
[17.478s] Level 1:colcon.colcon_core.environment:checking '/home/tony/robot401/install/robot401_pkg' for CMake module files
[17.478s] Level 1:colcon.colcon_core.environment:checking '/home/tony/robot401/install/robot401_pkg' for CMake config files
[17.479s] Level 1:colcon.colcon_core.environment:checking '/home/tony/robot401/install/robot401_pkg/lib'
[17.479s] Level 1:colcon.colcon_core.environment:checking '/home/tony/robot401/install/robot401_pkg/bin'
[17.479s] Level 1:colcon.colcon_core.environment:checking '/home/tony/robot401/install/robot401_pkg/lib/pkgconfig/robot401_pkg.pc'
[17.479s] Level 1:colcon.colcon_core.environment:checking '/home/tony/robot401/install/robot401_pkg/lib/python3.10/site-packages'
[17.479s] Level 1:colcon.colcon_core.shell:create_environment_hook('robot401_pkg', 'pythonpath')
[17.479s] INFO:colcon.colcon_core.shell:Creating environment hook '/home/tony/robot401/install/robot401_pkg/share/robot401_pkg/hook/pythonpath.ps1'
[17.480s] INFO:colcon.colcon_core.shell:Creating environment descriptor '/home/tony/robot401/install/robot401_pkg/share/robot401_pkg/hook/pythonpath.dsv'
[17.480s] INFO:colcon.colcon_core.shell:Creating environment hook '/home/tony/robot401/install/robot401_pkg/share/robot401_pkg/hook/pythonpath.sh'
[17.481s] Level 1:colcon.colcon_core.environment:checking '/home/tony/robot401/install/robot401_pkg/bin'
[17.481s] Level 1:colcon.colcon_core.environment:create_environment_scripts_only(robot401_pkg)
[17.481s] INFO:colcon.colcon_core.shell:Creating package script '/home/tony/robot401/install/robot401_pkg/share/robot401_pkg/package.ps1'
[17.495s] INFO:colcon.colcon_core.shell:Creating package descriptor '/home/tony/robot401/install/robot401_pkg/share/robot401_pkg/package.dsv'
[17.511s] INFO:colcon.colcon_core.shell:Creating package script '/home/tony/robot401/install/robot401_pkg/share/robot401_pkg/package.sh'
[17.513s] INFO:colcon.colcon_core.shell:Creating package script '/home/tony/robot401/install/robot401_pkg/share/robot401_pkg/package.bash'
[17.519s] INFO:colcon.colcon_core.shell:Creating package script '/home/tony/robot401/install/robot401_pkg/share/robot401_pkg/package.zsh'
[17.544s] Level 1:colcon.colcon_core.environment:create_file_with_runtime_dependencies(/home/tony/robot401/install/robot401_pkg/share/colcon-core/packages/robot401_pkg)
[17.545s] DEBUG:colcon.colcon_parallel_executor.executor.parallel:closing loop
[17.545s] DEBUG:colcon.colcon_parallel_executor.executor.parallel:loop closed
[17.545s] DEBUG:colcon.colcon_parallel_executor.executor.parallel:run_until_complete finished with '0'
[17.545s] DEBUG:colcon.colcon_core.event_reactor:joining thread
[17.570s] INFO:colcon.colcon_core.plugin_system:Skipping extension 'colcon_notification.desktop_notification.terminal_notifier': Not used on non-Darwin systems
[17.570s] INFO:colcon.colcon_core.plugin_system:Skipping extension 'colcon_notification.desktop_notification.win32': Not used on non-Windows systems
[17.570s] INFO:colcon.colcon_notification.desktop_notification:Sending desktop notification using 'notify2'
[17.582s] DEBUG:colcon.colcon_core.event_reactor:joined thread
[17.583s] INFO:colcon.colcon_core.shell:Creating prefix script '/home/tony/robot401/install/local_setup.ps1'
[17.584s] INFO:colcon.colcon_core.shell:Creating prefix util module '/home/tony/robot401/install/_local_setup_util_ps1.py'
[17.587s] INFO:colcon.colcon_core.shell:Creating prefix chain script '/home/tony/robot401/install/setup.ps1'
[17.603s] INFO:colcon.colcon_core.shell:Creating prefix script '/home/tony/robot401/install/local_setup.sh'
[17.604s] INFO:colcon.colcon_core.shell:Creating prefix util module '/home/tony/robot401/install/_local_setup_util_sh.py'
[17.605s] INFO:colcon.colcon_core.shell:Creating prefix chain script '/home/tony/robot401/install/setup.sh'
[17.620s] INFO:colcon.colcon_core.shell:Creating prefix script '/home/tony/robot401/install/local_setup.bash'
[17.620s] INFO:colcon.colcon_core.shell:Creating prefix chain script '/home/tony/robot401/install/setup.bash'
[17.637s] INFO:colcon.colcon_core.shell:Creating prefix script '/home/tony/robot401/install/local_setup.zsh'
[17.637s] INFO:colcon.colcon_core.shell:Creating prefix chain script '/home/tony/robot401/install/setup.zsh'
